#
# There is insufficient memory for the Java Runtime Environment to continue.
# Native memory allocation (mmap) failed to map 268435456 bytes for Failed to commit area from 0x00000006c0c00000 to 0x00000006d0c00000 of length 268435456.
# Possible reasons:
#   The system is out of physical RAM or swap space
#   The process is running with CompressedOops enabled, and the Java Heap may be blocking the growth of the native heap
# Possible solutions:
#   Reduce memory load on the system
#   Increase physical memory or swap space
#   Check if swap backing store is full
#   Decrease Java heap size (-Xmx/-Xms)
#   Decrease number of Java threads
#   Decrease Java thread stack sizes (-Xss)
#   Set larger code cache with -XX:ReservedCodeCacheSize=
# This output file may be truncated or incomplete.
#
#  Out of Memory Error (t:/workspace/open/src/hotspot/os/windows/os_windows.cpp:3221), pid=19804, tid=20068
#
# JRE version:  (10.0.2+13) (build )
# Java VM: Java HotSpot(TM) 64-Bit Server VM (10.0.2+13, mixed mode, aot, tiered, compressed oops, g1 gc, windows-amd64)
# No core dump will be written. Minidumps are not enabled by default on client versions of Windows
#

---------------  S U M M A R Y ------------

Command Line: -Dclassworlds.conf=C:\Users\Administrator\apache-maven-3.6.3-bin\apache-maven-3.6.3\bin\..\bin\m2.conf -Dmaven.home=C:\Users\Administrator\apache-maven-3.6.3-bin\apache-maven-3.6.3\bin\.. -Dlibrary.jansi.path=C:\Users\Administrator\apache-maven-3.6.3-bin\apache-maven-3.6.3\bin\..\lib\jansi-native -Dmaven.multiModuleProjectDirectory=C:\Users\Administrator\Desktop\회원가입,로그인 만들기\Front_DS org.codehaus.plexus.classworlds.launcher.Launcher clean

Host: AMD Ryzen 5 2400G with Radeon Vega Graphics    , 8 cores, 15G,  Windows 10 , 64 bit Build 17763 (10.0.17763.1158)
Time: Sat Jun 13 22:21:31 2020 ´eCN¹I±¹ C￥AØ½A elapsed time: 0 seconds (0d 0h 0m 0s)

---------------  T H R E A D  ---------------

Current thread (0x0000024156bb7800):  JavaThread "Unknown thread" [_thread_in_vm, id=20068, stack(0x00000065d9c00000,0x00000065d9d00000)]

Stack: [0x00000065d9c00000,0x00000065d9d00000]
Native frames: (J=compiled Java code, j=interpreted, Vv=VM code, C=native code)
V  [jvm.dll+0x5a01a9]
V  [jvm.dll+0x6bcf31]
V  [jvm.dll+0x6be126]
V  [jvm.dll+0x6be7b3]
V  [jvm.dll+0x234978]
V  [jvm.dll+0x59dac4]
V  [jvm.dll+0x592825]
V  [jvm.dll+0x2f632b]
V  [jvm.dll+0x2f6295]
V  [jvm.dll+0x2f6172]
V  [jvm.dll+0x2f8366]
V  [jvm.dll+0x344293]
V  [jvm.dll+0x3449a6]
V  [jvm.dll+0x344393]
V  [jvm.dll+0x2c4628]
V  [jvm.dll+0x2c5771]
V  [jvm.dll+0x69d1db]
V  [jvm.dll+0x69e9fc]
V  [jvm.dll+0x3519e9]
V  [jvm.dll+0x6856a2]
V  [jvm.dll+0x3ba0c3]
V  [jvm.dll+0x3bc261]
C  [java.exe+0x3531]
C  [java.exe+0xe1af]
C  [java.exe+0xe356]
C  [KERNEL32.DLL+0x17974]
C  [ntdll.dll+0x6a271]


---------------  P R O C E S S  ---------------

Threads class SMR info:
_java_thread_list=0x000002415476d690, length=0, elements={
}

Java Threads: ( => current thread )

Other Threads:
  0x0000024156bd0800 GCTaskThread "GC Thread#0" [stack: 0x00000065d9d00000,0x00000065d9e00000] [id=20316]
  0x0000024156bd2000 GCTaskThread "GC Thread#1" [stack: 0x00000065d9e00000,0x00000065d9f00000] [id=20188]
  0x0000024156bd3800 GCTaskThread "GC Thread#2" [stack: 0x00000065d9f00000,0x00000065da000000] [id=20204]
  0x0000024156bd7800 GCTaskThread "GC Thread#3" [stack: 0x00000065da000000,0x00000065da100000] [id=20200]
  0x0000024156be6000 GCTaskThread "GC Thread#4" [stack: 0x00000065da100000,0x00000065da200000] [id=21208]
  0x0000024156be9800 GCTaskThread "GC Thread#5" [stack: 0x00000065da200000,0x00000065da300000] [id=21216]
  0x0000024156bea800 GCTaskThread "GC Thread#6" [stack: 0x00000065da300000,0x00000065da400000] [id=16024]
  0x0000024156bec800 GCTaskThread "GC Thread#7" [stack: 0x00000065da400000,0x00000065da500000] [id=20544]
  0x0000024156c39000 ConcurrentGCThread "G1 Main Marker" [stack: 0x00000065da500000,0x00000065da600000] [id=18380]
  0x0000024156c3a000 ConcurrentGCThread "G1 Conc#0" [stack: 0x00000065da600000,0x00000065da700000] [id=21244]
  0x0000024156c3b800 ConcurrentGCThread "G1 Conc#1" [stack: 0x00000065da700000,0x00000065da800000] [id=14544]

[error occurred during error reporting (printing all threads), id 0xe0000002]

VM state:not at safepoint (not fully initialized)

VM Mutex/Monitor currently owned by a thread:  ([mutex/lock_event])
[0x0000024156bb6a70] Heap_lock - owner thread: 0x0000024156bb7800

Heap address: 0x00000006c0c00000, size: 4084 MB, Compressed Oops mode: Non-zero based: 0x00000006c0c00000
Narrow klass base: 0x0000000000000000, Narrow klass shift: 0

GC Heap History (0 events):
No events

Deoptimization events (0 events):
No events

Classes redefined (0 events):
No events

Internal exceptions (0 events):
No events

Events (0 events):
No events


Dynamic libraries:
0x00007ff73e930000 - 0x00007ff73e96e000 	C:\Program Files\Java\jdk-10.0.2\bin\java.exe
0x00007ffdb28b0000 - 0x00007ffdb2a9d000 	C:\Windows\SYSTEM32\ntdll.dll
0x00007ffdb09b0000 - 0x00007ffdb0a63000 	C:\Windows\System32\KERNEL32.DLL
0x00007ffdae990000 - 0x00007ffdaec25000 	C:\Windows\System32\KERNELBASE.dll
0x00007ffdafc70000 - 0x00007ffdafd13000 	C:\Windows\System32\ADVAPI32.dll
0x00007ffdb02c0000 - 0x00007ffdb035e000 	C:\Windows\System32\msvcrt.dll
0x00007ffdb2270000 - 0x00007ffdb230e000 	C:\Windows\System32\sechost.dll
0x00007ffdb23e0000 - 0x00007ffdb2502000 	C:\Windows\System32\RPCRT4.dll
0x00007ffdafad0000 - 0x00007ffdafc67000 	C:\Windows\System32\USER32.dll
0x00007ffdaf760000 - 0x00007ffdaf780000 	C:\Windows\System32\win32u.dll
0x00007ffdb08d0000 - 0x00007ffdb08f9000 	C:\Windows\System32\GDI32.dll
0x00007ffdaf780000 - 0x00007ffdaf91a000 	C:\Windows\System32\gdi32full.dll
0x00007ffdaf670000 - 0x00007ffdaf710000 	C:\Windows\System32\msvcp_win.dll
0x00007ffdaf9d0000 - 0x00007ffdafaca000 	C:\Windows\System32\ucrtbase.dll
0x00007ffda18b0000 - 0x00007ffda1b29000 	C:\Windows\WinSxS\amd64_microsoft.windows.common-controls_6595b64144ccf1df_6.0.17763.1282_none_de75b6f253473c0f\COMCTL32.dll
0x00007ffda97b0000 - 0x00007ffda97ba000 	C:\Windows\SYSTEM32\VERSION.dll
0x00007ffdaff80000 - 0x00007ffdb02ac000 	C:\Windows\System32\combase.dll
0x00007ffdaf950000 - 0x00007ffdaf9ce000 	C:\Windows\System32\bcryptPrimitives.dll
0x00007ffdb0bd0000 - 0x00007ffdb0bfe000 	C:\Windows\System32\IMM32.DLL
0x00007ffd776e0000 - 0x00007ffd777cf000 	C:\Program Files\Java\jdk-10.0.2\bin\msvcr120.dll
0x00007ffd77630000 - 0x00007ffd776d6000 	C:\Program Files\Java\jdk-10.0.2\bin\msvcp120.dll
0x0000000060c00000 - 0x0000000061670000 	C:\Program Files\Java\jdk-10.0.2\bin\server\jvm.dll
0x00007ffdb0bc0000 - 0x00007ffdb0bc8000 	C:\Windows\System32\PSAPI.DLL
0x00007ffd9b880000 - 0x00007ffd9b889000 	C:\Windows\SYSTEM32\WSOCK32.dll
0x00007ffdaca90000 - 0x00007ffdacab4000 	C:\Windows\SYSTEM32\WINMM.dll
0x00007ffdb2370000 - 0x00007ffdb23dd000 	C:\Windows\System32\WS2_32.dll
0x00007ffdac940000 - 0x00007ffdac96d000 	C:\Windows\SYSTEM32\winmmbase.dll
0x00007ffdaf710000 - 0x00007ffdaf75a000 	C:\Windows\System32\cfgmgr32.dll
0x00007ffda3460000 - 0x00007ffda346f000 	C:\Program Files\Java\jdk-10.0.2\bin\verify.dll
0x00007ffd9ecb0000 - 0x00007ffd9ee9d000 	C:\Windows\SYSTEM32\DBGHELP.DLL
0x00007ffd9ec80000 - 0x00007ffd9ecaa000 	C:\Windows\SYSTEM32\dbgcore.DLL
0x00007ffda0490000 - 0x00007ffda04b7000 	C:\Program Files\Java\jdk-10.0.2\bin\java.dll
0x00007ffda3440000 - 0x00007ffda3456000 	C:\Program Files\Java\jdk-10.0.2\bin\zip.dll
0x00007ffda3310000 - 0x00007ffda331a000 	C:\Program Files\Java\jdk-10.0.2\bin\jimage.dll

dbghelp: loaded successfully - version: 4.0.5 - missing functions: none
symbol engine: initialized successfully - sym options: 0x614 - pdb path: .;C:\Program Files\Java\jdk-10.0.2\bin;C:\Windows\SYSTEM32;C:\Windows\WinSxS\amd64_microsoft.windows.common-controls_6595b64144ccf1df_6.0.17763.1282_none_de75b6f253473c0f;C:\Program Files\Java\jdk-10.0.2\bin\server

VM Arguments:
jvm_args: -Dclassworlds.conf=C:\Users\Administrator\apache-maven-3.6.3-bin\apache-maven-3.6.3\bin\..\bin\m2.conf -Dmaven.home=C:\Users\Administrator\apache-maven-3.6.3-bin\apache-maven-3.6.3\bin\.. -Dlibrary.jansi.path=C:\Users\Administrator\apache-maven-3.6.3-bin\apache-maven-3.6.3\bin\..\lib\jansi-native -Dmaven.multiModuleProjectDirectory=C:\Users\Administrator\Desktop\회원가입,로그인 만들기\Front_DS 
java_command: org.codehaus.plexus.classworlds.launcher.Launcher clean
java_class_path (initial): C:\Users\Administrator\apache-maven-3.6.3-bin\apache-maven-3.6.3\bin\..\boot\plexus-classworlds-2.6.0.jar
Launcher Type: SUN_STANDARD

Logging:
Log output configuration:
#0: stdout all=warning uptime,level,tags
#1: stderr all=off uptime,level,tags

Environment Variables:
JAVA_HOME=C:\Program Files\Java\jdk-10.0.2
PATH=C:\Program Files\ARX-3.8.0\bin;C:\Python38\Scripts\;C:\Python38\;C:\oraclexe\app\oracle\product\11.2.0\server\bin;C:\Program Files (x86)\NetSarang\Xshell 6\;C:\Program Files (x86)\Common Files\Oracle\Java\javapath;C:\Windows\system32;C:\Windows;C:\Windows\System32\Wbem;C:\Windows\System32\WindowsPowerShell\v1.0\;C:\Windows\System32\OpenSSH\;C:\Program Files\Git\cmd;D:\;C:\ProgramData\chocolatey\bin;C:\Mongodb\bin;C:\Program Files\Docker\Docker\resources\bin;C:\ProgramData\DockerDesktop\version-bin;C:\Users\Administrator\apache-maven-3.6.3-bin\apache-maven-3.6.3\bin;C:\Program Files\MySQL\MySQL Shell 8.0\bin\;C:\Users\Administrator\AppData\Local\Programs\Python\Python37-32\Scripts\;C:\Users\Administrator\AppData\Local\Programs\Python\Python37-32\;C:\Users\Administrator\AppData\Local\Microsoft\WindowsApps;D:\cloud\Microsoft VS Code\bin;C:\Program Files\JetBrains\IntelliJ IDEA Community Edition 2019.3.4\bin;;C:\Program Files\Java\jdk-10.0.2\bin;C:\Users\Administrator\Desktop\클라우드 교육\apache-maven-3.6.3-bin\apache-maven-3.6.3\bin;C:\Users\Administrator\Desktop\클라우드 교육\IntelliJ IDEA 설정\apache-tomcat-9.0.33\bin;C:\Users\Administrator\AppData\Roaming\npm
USERNAME=Administrator
OS=Windows_NT
PROCESSOR_IDENTIFIER=AMD64 Family 23 Model 17 Stepping 0, AuthenticAMD



---------------  S Y S T E M  ---------------

OS: Windows 10 , 64 bit Build 17763 (10.0.17763.1158)

CPU:total 8 (initial active 8) (8 cores per cpu, 2 threads per core) family 23 model 17 stepping 0, cmov, cx8, fxsr, mmx, sse, sse2, sse3, ssse3, sse4.1, sse4.2, popcnt, avx, avx2, aes, clmul, mmxext, 3dnowpref, lzcnt, sse4a, ht, tsc, tscinvbit, tscinv, bmi1, bmi2, adx, sha, fma

Memory: 4k page, physical 16723276k(5495908k free), swap 16723276k(40540k free)

vm_info: Java HotSpot(TM) 64-Bit Server VM (10.0.2+13) for windows-amd64 JRE (10.0.2+13), built on Jun 28 2018 01:57:56 by "mach5one" with MS VC++ 12.0 (VS2013)

END.
